/usr/sbin/mysqld, Version: 5.7.25-0ubuntu0.18.04.2 ((Ubuntu)). started with:
Tcp port: 3306  Unix socket: /var/run/mysqld/mysqld.sock
Time                 Id Command    Argument
2019-02-24T12:38:24.567689Z	   69 Query	FLUSH PRIVILEGES
2019-02-24T12:38:37.523608Z	   70 Connect	root@localhost on  using TCP/IP
2019-02-24T12:38:37.525567Z	   70 Query	set autocommit=1
2019-02-24T12:38:37.525991Z	   70 Query	SET SESSION TRANSACTION ISOLATION LEVEL REPEATABLE READ
2019-02-24T12:38:37.526084Z	   70 Query	SHOW SESSION VARIABLES LIKE 'lower_case_table_names'
2019-02-24T12:38:37.527769Z	   70 Query	SELECT current_user()
2019-02-24T12:38:37.527908Z	   70 Query	SET CHARACTER SET utf8
2019-02-24T12:38:37.527988Z	   70 Query	SET NAMES utf8
2019-02-24T12:38:37.528075Z	   70 Query	SHOW SESSION VARIABLES LIKE 'sql_mode'
2019-02-24T12:38:37.529220Z	   70 Query	SELECT CONNECTION_ID()
2019-02-24T12:38:37.529398Z	   70 Query	SHOW SESSION STATUS LIKE 'Ssl_cipher'
2019-02-24T12:38:37.530612Z	   70 Query	USE `classicmodels`
2019-02-24T12:38:37.530710Z	   70 Query	set autocommit=1
2019-02-24T12:38:37.531888Z	   71 Connect	root@localhost on  using TCP/IP
2019-02-24T12:38:37.532490Z	   71 Query	set autocommit=1
2019-02-24T12:38:37.533019Z	   71 Query	SET SESSION TRANSACTION ISOLATION LEVEL REPEATABLE READ
2019-02-24T12:38:37.533300Z	   71 Query	SHOW SESSION VARIABLES LIKE 'lower_case_table_names'
2019-02-24T12:38:37.535400Z	   71 Query	SELECT current_user()
2019-02-24T12:38:37.535554Z	   71 Query	SET CHARACTER SET utf8
2019-02-24T12:38:37.535758Z	   71 Query	SET NAMES utf8
2019-02-24T12:38:37.535834Z	   71 Query	SET SQL_SAFE_UPDATES=1
2019-02-24T12:38:37.536078Z	   71 Query	SELECT CONNECTION_ID()
2019-02-24T12:38:37.536186Z	   71 Query	SHOW SESSION STATUS LIKE 'Ssl_cipher'
2019-02-24T12:38:37.537067Z	   71 Query	USE `classicmodels`
2019-02-24T12:38:37.537155Z	   71 Query	set autocommit=1
2019-02-24T12:38:37.537252Z	   71 Query	SHOW SESSION VARIABLES LIKE 'sql_mode'
2019-02-24T12:38:37.538992Z	   71 Query	SHOW SESSION VARIABLES LIKE 'version_comment'
2019-02-24T12:38:37.541346Z	   71 Query	SHOW SESSION VARIABLES LIKE 'version'
2019-02-24T12:38:37.542946Z	   71 Query	SELECT current_user()
2019-02-24T12:38:37.543056Z	   71 Query	SHOW SESSION VARIABLES LIKE 'lower_case_table_names'
2019-02-24T12:38:37.544470Z	   70 Query	USE `classicmodels`
2019-02-24T12:38:37.544634Z	   71 Query	USE `classicmodels`
2019-02-24T12:38:37.592415Z	   70 Query	SHOW DATABASES
2019-02-24T12:38:37.593422Z	   71 Query	show engines
2019-02-24T12:38:37.593671Z	   71 Query	show charset
2019-02-24T12:38:37.593971Z	   71 Query	show collation
2019-02-24T12:38:37.594868Z	   71 Query	show variables
2019-02-24T12:38:37.597328Z	   71 Query	SHOW SESSION VARIABLES LIKE 'version_compile_os'
2019-02-24T12:38:37.598895Z	   71 Query	SHOW SESSION VARIABLES LIKE 'offline_mode'
2019-02-24T12:38:37.605036Z	   71 Query	SHOW SESSION VARIABLES LIKE 'wait_timeout'
2019-02-24T12:38:37.606688Z	   71 Query	SHOW SESSION VARIABLES LIKE 'interactive_timeout'
2019-02-24T12:38:37.810824Z	   70 Query	SHOW FULL TABLES FROM `classicmodels`
2019-02-24T12:38:37.811865Z	   70 Query	SHOW PROCEDURE STATUS WHERE Db='classicmodels'
2019-02-24T12:38:37.818928Z	   70 Query	SHOW FUNCTION STATUS WHERE Db='classicmodels'
2019-02-24T12:38:37.821609Z	   71 Query	SHOW FULL COLUMNS FROM `classicmodels`.`customers`
2019-02-24T12:38:37.822428Z	   71 Query	SHOW FULL COLUMNS FROM `classicmodels`.`employees`
2019-02-24T12:38:37.823088Z	   71 Query	SHOW FULL COLUMNS FROM `classicmodels`.`offices`
2019-02-24T12:38:37.823982Z	   71 Query	SHOW FULL COLUMNS FROM `classicmodels`.`orderdetails`
2019-02-24T12:38:37.824485Z	   71 Query	SHOW FULL COLUMNS FROM `classicmodels`.`orders`
2019-02-24T12:38:37.824829Z	   71 Query	SHOW FULL COLUMNS FROM `classicmodels`.`payments`
2019-02-24T12:38:37.825305Z	   71 Query	SHOW FULL COLUMNS FROM `classicmodels`.`productlines`
2019-02-24T12:38:37.828429Z	   71 Query	SHOW FULL COLUMNS FROM `classicmodels`.`products`
2019-02-24T12:38:41.748907Z	   71 Quit	
2019-02-24T12:38:41.749143Z	   70 Quit	
2019-02-24T12:39:15.352780Z	   72 Connect	HR@localhost on  using TCP/IP
2019-02-24T12:39:15.353281Z	   72 Connect	Access denied for user 'HR'@'localhost' (using password: YES)
2019-02-24T12:39:27.660383Z	   73 Connect	HR@localhost on  using TCP/IP
2019-02-24T12:39:27.660892Z	   73 Connect	Access denied for user 'HR'@'localhost' (using password: YES)
2019-02-24T12:40:30.424528Z	   69 Query	select User, Host from mysql.user
LIMIT 0, 1000
2019-02-24T12:40:30.426747Z	   68 Query	SELECT st.* FROM performance_schema.events_statements_current st JOIN performance_schema.threads thr ON thr.thread_id = st.thread_id WHERE thr.processlist_id = 69
2019-02-24T12:40:30.430468Z	   68 Query	SELECT st.* FROM performance_schema.events_stages_history_long st WHERE st.nesting_event_id = 52
2019-02-24T12:40:30.430890Z	   68 Query	SELECT st.* FROM performance_schema.events_waits_history_long st WHERE st.nesting_event_id = 52
2019-02-24T12:40:30.432156Z	   68 Query	SHOW INDEX FROM `mysql`.`user`
2019-02-24T12:40:40.356039Z	   69 Query	DROP USER IF EXISTS Inventory
2019-02-24T12:40:41.648953Z	   69 Query	CREATE USER 'Inventory'@'%' IDENTIFIED WITH 'mysql_native_password' AS '<secret>'
2019-02-24T12:40:42.557003Z	   69 Query	GRANT ALL PRIVILEGES ON products.* TO 'Inventory'
2019-02-24T12:40:43.312327Z	   69 Query	GRANT ALL PRIVILEGES ON productlines.* TO 'Inventory'
2019-02-24T12:40:43.945274Z	   69 Query	DROP USER IF EXISTS Bookkeeping
2019-02-24T12:40:43.945667Z	   69 Query	SHOW WARNINGS
2019-02-24T12:40:44.521022Z	   69 Query	CREATE USER 'Bookkeeping'@'%' IDENTIFIED WITH 'mysql_native_password' AS '<secret>'
2019-02-24T12:40:45.058959Z	   69 Query	GRANT SELECT, UPDATE, DELETE ON orders.* TO 'Bookkeeping'
2019-02-24T12:40:45.590152Z	   69 Query	GRANT SELECT, UPDATE, DELETE ON orderdetails.* TO 'Bookkeeping'
2019-02-24T12:40:46.087797Z	   69 Query	GRANT SELECT ON customers.* TO 'Bookkeeping'
2019-02-24T12:40:46.568964Z	   69 Query	GRANT SELECT ON payments.* TO 'Bookkeeping'
2019-02-24T12:40:47.076752Z	   69 Query	DROP USER IF EXISTS HR
2019-02-24T12:40:47.077086Z	   69 Query	SHOW WARNINGS
2019-02-24T12:40:47.505163Z	   69 Query	CREATE USER 'HR'@'%' IDENTIFIED WITH 'mysql_native_password' AS '<secret>'
2019-02-24T12:40:47.995643Z	   69 Query	GRANT ALL PRIVILEGES ON offices.* TO 'HR'
2019-02-24T12:40:48.439021Z	   69 Query	GRANT ALL PRIVILEgES ON employees.* TO 'HR'
2019-02-24T12:40:48.977206Z	   69 Query	DROP USER IF EXISTS Sales
2019-02-24T12:40:48.977640Z	   69 Query	SHOW WARNINGS
2019-02-24T12:40:49.609098Z	   69 Query	CREATE USER 'Sales'@'%' IDENTIFIED WITH 'mysql_native_password' AS '<secret>'
2019-02-24T12:40:50.222731Z	   69 Query	GRANT SELECT, INSERT ON orders.* TO 'Sales'
2019-02-24T12:40:50.722839Z	   69 Query	GRANT SELECT, INSERT ON orderdetails.* TO 'Sales'
2019-02-24T12:40:51.245032Z	   69 Query	DROP USER IF EXISTS IT
2019-02-24T12:40:51.245469Z	   69 Query	SHOW WARNINGS
2019-02-24T12:40:51.796619Z	   69 Query	CREATE USER 'IT'@'%' IDENTIFIED WITH 'mysql_native_password' AS '<secret>'
2019-02-24T12:40:52.380938Z	   69 Query	GRANT ALL PRIVILEGES ON * TO 'IT'
2019-02-24T12:40:53.955349Z	   69 Query	FLUSH PRIVILEGES
2019-02-24T12:40:55.817176Z	   69 Query	select User, Host from mysql.user
LIMIT 0, 1000
2019-02-24T12:40:55.819939Z	   68 Query	SELECT st.* FROM performance_schema.events_statements_current st JOIN performance_schema.threads thr ON thr.thread_id = st.thread_id WHERE thr.processlist_id = 69
2019-02-24T12:40:55.820872Z	   68 Query	SELECT st.* FROM performance_schema.events_stages_history_long st WHERE st.nesting_event_id = 102
2019-02-24T12:40:55.821229Z	   68 Query	SELECT st.* FROM performance_schema.events_waits_history_long st WHERE st.nesting_event_id = 102
2019-02-24T12:40:55.822196Z	   68 Query	SHOW INDEX FROM `mysql`.`user`
2019-02-24T12:41:18.560217Z	   74 Connect	HR@localhost on  using TCP/IP
2019-02-24T12:41:18.563481Z	   74 Query	set autocommit=1
2019-02-24T12:41:18.566309Z	   74 Query	SET SESSION TRANSACTION ISOLATION LEVEL REPEATABLE READ
2019-02-24T12:41:18.566602Z	   74 Query	SHOW SESSION VARIABLES LIKE 'lower_case_table_names'
2019-02-24T12:41:18.568850Z	   74 Query	SELECT current_user()
2019-02-24T12:41:18.569409Z	   74 Query	SET CHARACTER SET utf8
2019-02-24T12:41:18.574075Z	   74 Query	SET NAMES utf8
2019-02-24T12:41:18.574425Z	   74 Query	SHOW SESSION VARIABLES LIKE 'sql_mode'
2019-02-24T12:41:18.576287Z	   74 Query	SELECT CONNECTION_ID()
2019-02-24T12:41:18.576487Z	   74 Query	SHOW SESSION STATUS LIKE 'Ssl_cipher'
2019-02-24T12:41:18.577471Z	   74 Query	set autocommit=1
2019-02-24T12:41:18.578340Z	   75 Connect	HR@localhost on  using TCP/IP
2019-02-24T12:41:18.579067Z	   75 Query	set autocommit=1
2019-02-24T12:41:18.579668Z	   75 Query	SET SESSION TRANSACTION ISOLATION LEVEL REPEATABLE READ
2019-02-24T12:41:18.579934Z	   75 Query	SHOW SESSION VARIABLES LIKE 'lower_case_table_names'
2019-02-24T12:41:18.581751Z	   75 Query	SELECT current_user()
2019-02-24T12:41:18.582056Z	   75 Query	SET CHARACTER SET utf8
2019-02-24T12:41:18.582164Z	   75 Query	SET NAMES utf8
2019-02-24T12:41:18.582253Z	   75 Query	SET SQL_SAFE_UPDATES=1
2019-02-24T12:41:18.582340Z	   75 Query	SELECT CONNECTION_ID()
2019-02-24T12:41:18.582452Z	   75 Query	SHOW SESSION STATUS LIKE 'Ssl_cipher'
2019-02-24T12:41:18.583383Z	   75 Query	set autocommit=1
2019-02-24T12:41:18.583704Z	   75 Query	SHOW SESSION VARIABLES LIKE 'sql_mode'
2019-02-24T12:41:18.585229Z	   75 Query	SHOW SESSION VARIABLES LIKE 'version_comment'
2019-02-24T12:41:18.586338Z	   75 Query	SHOW SESSION VARIABLES LIKE 'version'
2019-02-24T12:41:18.589900Z	   75 Query	SELECT current_user()
2019-02-24T12:41:18.590103Z	   75 Query	SHOW SESSION VARIABLES LIKE 'lower_case_table_names'
2019-02-24T12:41:18.630292Z	   74 Query	SHOW DATABASES
2019-02-24T12:41:18.643818Z	   75 Query	show engines
2019-02-24T12:41:18.644095Z	   75 Query	show charset
2019-02-24T12:41:18.644348Z	   75 Query	show collation
2019-02-24T12:41:18.645174Z	   75 Query	show variables
2019-02-24T12:41:18.647841Z	   75 Query	SHOW SESSION VARIABLES LIKE 'version_compile_os'
2019-02-24T12:41:18.650000Z	   75 Query	SHOW SESSION VARIABLES LIKE 'offline_mode'
2019-02-24T12:41:18.656034Z	   75 Query	SHOW SESSION VARIABLES LIKE 'wait_timeout'
2019-02-24T12:41:18.657879Z	   75 Query	SHOW SESSION VARIABLES LIKE 'interactive_timeout'
2019-02-24T12:41:27.949434Z	   75 Quit	
2019-02-24T12:41:27.949485Z	   74 Quit	
2019-02-24T12:41:29.944804Z	   76 Connect	HR@localhost on  using TCP/IP
2019-02-24T12:41:29.945824Z	   76 Query	set autocommit=1
2019-02-24T12:41:29.946457Z	   76 Query	SET SESSION TRANSACTION ISOLATION LEVEL REPEATABLE READ
2019-02-24T12:41:29.948156Z	   76 Query	SHOW SESSION VARIABLES LIKE 'lower_case_table_names'
2019-02-24T12:41:29.951576Z	   76 Query	SELECT current_user()
2019-02-24T12:41:29.951984Z	   76 Query	SET CHARACTER SET utf8
2019-02-24T12:41:29.952370Z	   76 Query	SET NAMES utf8
2019-02-24T12:41:29.952807Z	   76 Query	SHOW SESSION VARIABLES LIKE 'sql_mode'
2019-02-24T12:41:29.959314Z	   76 Query	SELECT CONNECTION_ID()
2019-02-24T12:41:29.959663Z	   76 Query	SHOW SESSION STATUS LIKE 'Ssl_cipher'
2019-02-24T12:41:29.960872Z	   76 Query	set autocommit=1
2019-02-24T12:41:29.961632Z	   77 Connect	HR@localhost on  using TCP/IP
2019-02-24T12:41:29.962520Z	   77 Query	set autocommit=1
2019-02-24T12:41:29.963001Z	   77 Query	SET SESSION TRANSACTION ISOLATION LEVEL REPEATABLE READ
2019-02-24T12:41:29.963116Z	   77 Query	SHOW SESSION VARIABLES LIKE 'lower_case_table_names'
2019-02-24T12:41:29.965127Z	   77 Query	SELECT current_user()
2019-02-24T12:41:29.965711Z	   77 Query	SET CHARACTER SET utf8
2019-02-24T12:41:29.965914Z	   77 Query	SET NAMES utf8
2019-02-24T12:41:29.966010Z	   77 Query	SET SQL_SAFE_UPDATES=1
2019-02-24T12:41:29.966099Z	   77 Query	SELECT CONNECTION_ID()
2019-02-24T12:41:29.966229Z	   77 Query	SHOW SESSION STATUS LIKE 'Ssl_cipher'
2019-02-24T12:41:29.967242Z	   77 Query	set autocommit=1
2019-02-24T12:41:29.967555Z	   77 Query	SHOW SESSION VARIABLES LIKE 'sql_mode'
2019-02-24T12:41:29.968896Z	   77 Query	SHOW SESSION VARIABLES LIKE 'version_comment'
2019-02-24T12:41:29.970040Z	   77 Query	SHOW SESSION VARIABLES LIKE 'version'
2019-02-24T12:41:29.971489Z	   77 Query	SELECT current_user()
2019-02-24T12:41:29.974210Z	   77 Query	SHOW SESSION VARIABLES LIKE 'lower_case_table_names'
2019-02-24T12:41:30.014036Z	   76 Query	SHOW DATABASES
2019-02-24T12:41:30.014206Z	   77 Query	show engines
2019-02-24T12:41:30.014403Z	   77 Query	show charset
2019-02-24T12:41:30.014625Z	   77 Query	show collation
2019-02-24T12:41:30.015270Z	   77 Query	show variables
2019-02-24T12:41:30.017190Z	   77 Query	SHOW SESSION VARIABLES LIKE 'version_compile_os'
2019-02-24T12:41:30.018366Z	   77 Query	SHOW SESSION VARIABLES LIKE 'offline_mode'
2019-02-24T12:41:30.023748Z	   77 Query	SHOW SESSION VARIABLES LIKE 'wait_timeout'
2019-02-24T12:41:30.025537Z	   77 Query	SHOW SESSION VARIABLES LIKE 'interactive_timeout'
2019-02-24T12:41:31.288098Z	   77 Quit	
2019-02-24T12:41:31.288773Z	   76 Quit	
2019-02-24T12:41:42.338536Z	   78 Connect	HR@localhost on  using TCP/IP
2019-02-24T12:41:42.363520Z	   78 Query	set autocommit=1
2019-02-24T12:41:42.364384Z	   78 Query	SET SESSION TRANSACTION ISOLATION LEVEL REPEATABLE READ
2019-02-24T12:41:42.364512Z	   78 Query	SHOW SESSION VARIABLES LIKE 'lower_case_table_names'
2019-02-24T12:41:42.366448Z	   78 Query	SELECT current_user()
2019-02-24T12:41:42.366613Z	   78 Query	SELECT version()
2019-02-24T12:41:42.366742Z	   78 Query	SHOW SESSION STATUS LIKE 'Ssl_cipher'
2019-02-24T12:41:42.368179Z	   78 Quit	
2019-02-24T12:41:46.357392Z	   79 Connect	HR@localhost on  using TCP/IP
2019-02-24T12:41:46.370153Z	   79 Query	set autocommit=1
2019-02-24T12:41:46.370671Z	   79 Query	SET SESSION TRANSACTION ISOLATION LEVEL REPEATABLE READ
2019-02-24T12:41:46.370992Z	   79 Query	SHOW SESSION VARIABLES LIKE 'lower_case_table_names'
2019-02-24T12:41:46.372774Z	   79 Query	SELECT current_user()
2019-02-24T12:41:46.372935Z	   79 Query	SET CHARACTER SET utf8
2019-02-24T12:41:46.373184Z	   79 Query	SET NAMES utf8
2019-02-24T12:41:46.373305Z	   79 Query	SHOW SESSION VARIABLES LIKE 'sql_mode'
2019-02-24T12:41:46.374906Z	   79 Query	SELECT CONNECTION_ID()
2019-02-24T12:41:46.375152Z	   79 Query	SHOW SESSION STATUS LIKE 'Ssl_cipher'
2019-02-24T12:41:46.376166Z	   79 Query	set autocommit=1
2019-02-24T12:41:46.376857Z	   80 Connect	HR@localhost on  using TCP/IP
2019-02-24T12:41:46.377726Z	   80 Query	set autocommit=1
2019-02-24T12:41:46.378215Z	   80 Query	SET SESSION TRANSACTION ISOLATION LEVEL REPEATABLE READ
2019-02-24T12:41:46.378319Z	   80 Query	SHOW SESSION VARIABLES LIKE 'lower_case_table_names'
2019-02-24T12:41:46.380292Z	   80 Query	SELECT current_user()
2019-02-24T12:41:46.380445Z	   80 Query	SET CHARACTER SET utf8
2019-02-24T12:41:46.380542Z	   80 Query	SET NAMES utf8
2019-02-24T12:41:46.380634Z	   80 Query	SET SQL_SAFE_UPDATES=1
2019-02-24T12:41:46.380879Z	   80 Query	SELECT CONNECTION_ID()
2019-02-24T12:41:46.381002Z	   80 Query	SHOW SESSION STATUS LIKE 'Ssl_cipher'
2019-02-24T12:41:46.381877Z	   80 Query	set autocommit=1
2019-02-24T12:41:46.381989Z	   80 Query	SHOW SESSION VARIABLES LIKE 'sql_mode'
2019-02-24T12:41:46.383358Z	   80 Query	SHOW SESSION VARIABLES LIKE 'version_comment'
2019-02-24T12:41:46.387011Z	   80 Query	SHOW SESSION VARIABLES LIKE 'version'
2019-02-24T12:41:46.388883Z	   80 Query	SELECT current_user()
2019-02-24T12:41:46.389006Z	   80 Query	SHOW SESSION VARIABLES LIKE 'lower_case_table_names'
2019-02-24T12:41:46.419564Z	   79 Query	SHOW DATABASES
2019-02-24T12:41:46.419661Z	   80 Query	show engines
2019-02-24T12:41:46.419873Z	   80 Query	show charset
2019-02-24T12:41:46.420079Z	   80 Query	show collation
2019-02-24T12:41:46.420726Z	   80 Query	show variables
2019-02-24T12:41:46.422764Z	   80 Query	SHOW SESSION VARIABLES LIKE 'version_compile_os'
2019-02-24T12:41:46.424689Z	   80 Query	SHOW SESSION VARIABLES LIKE 'offline_mode'
2019-02-24T12:41:46.430543Z	   80 Query	SHOW SESSION VARIABLES LIKE 'wait_timeout'
2019-02-24T12:41:46.432272Z	   80 Query	SHOW SESSION VARIABLES LIKE 'interactive_timeout'
2019-02-24T12:41:48.284636Z	   79 Query	SHOW DATABASES
2019-02-24T12:41:49.654778Z	   79 Query	SHOW DATABASES
2019-02-24T12:41:49.974794Z	   79 Query	SHOW DATABASES
2019-02-24T12:42:21.856352Z	   69 Query	GRANT ALL PRIVILEGES ON classicmodels.offices TO 'HR'
2019-02-24T12:42:23.719919Z	   69 Query	GRANT ALL PRIVILEgES ON classicmodels.employees TO 'HR'
2019-02-24T12:42:25.821594Z	   80 Quit	
2019-02-24T12:42:25.821852Z	   79 Quit	
2019-02-24T12:42:29.009797Z	   69 Query	FLUSH PRIVILEGES
2019-02-24T12:42:30.927787Z	   81 Connect	HR@localhost on  using TCP/IP
2019-02-24T12:42:30.928383Z	   81 Query	set autocommit=1
2019-02-24T12:42:30.929177Z	   81 Query	SET SESSION TRANSACTION ISOLATION LEVEL REPEATABLE READ
2019-02-24T12:42:30.929335Z	   81 Query	SHOW SESSION VARIABLES LIKE 'lower_case_table_names'
2019-02-24T12:42:30.931701Z	   81 Query	SELECT current_user()
2019-02-24T12:42:30.931866Z	   81 Query	SET CHARACTER SET utf8
2019-02-24T12:42:30.931961Z	   81 Query	SET NAMES utf8
2019-02-24T12:42:30.932172Z	   81 Query	SHOW SESSION VARIABLES LIKE 'sql_mode'
2019-02-24T12:42:30.933970Z	   81 Query	SELECT CONNECTION_ID()
2019-02-24T12:42:30.934207Z	   81 Query	SHOW SESSION STATUS LIKE 'Ssl_cipher'
2019-02-24T12:42:30.935398Z	   81 Query	set autocommit=1
2019-02-24T12:42:30.936137Z	   82 Connect	HR@localhost on  using TCP/IP
2019-02-24T12:42:30.936898Z	   82 Query	set autocommit=1
2019-02-24T12:42:30.937563Z	   82 Query	SET SESSION TRANSACTION ISOLATION LEVEL REPEATABLE READ
2019-02-24T12:42:30.937668Z	   82 Query	SHOW SESSION VARIABLES LIKE 'lower_case_table_names'
2019-02-24T12:42:30.940288Z	   82 Query	SELECT current_user()
2019-02-24T12:42:30.940631Z	   82 Query	SET CHARACTER SET utf8
2019-02-24T12:42:30.940754Z	   82 Query	SET NAMES utf8
2019-02-24T12:42:30.941219Z	   82 Query	SET SQL_SAFE_UPDATES=1
2019-02-24T12:42:30.941487Z	   82 Query	SELECT CONNECTION_ID()
2019-02-24T12:42:30.942787Z	   82 Query	SHOW SESSION STATUS LIKE 'Ssl_cipher'
2019-02-24T12:42:30.944239Z	   82 Query	set autocommit=1
2019-02-24T12:42:30.944382Z	   82 Query	SHOW SESSION VARIABLES LIKE 'sql_mode'
2019-02-24T12:42:30.946125Z	   82 Query	SHOW SESSION VARIABLES LIKE 'version_comment'
2019-02-24T12:42:30.947660Z	   82 Query	SHOW SESSION VARIABLES LIKE 'version'
2019-02-24T12:42:30.951528Z	   82 Query	SELECT current_user()
2019-02-24T12:42:30.951724Z	   82 Query	SHOW SESSION VARIABLES LIKE 'lower_case_table_names'
2019-02-24T12:42:30.988256Z	   82 Query	show engines
2019-02-24T12:42:30.988592Z	   81 Query	SHOW DATABASES
2019-02-24T12:42:30.988850Z	   82 Query	show charset
2019-02-24T12:42:30.989057Z	   82 Query	show collation
2019-02-24T12:42:30.989731Z	   82 Query	show variables
2019-02-24T12:42:30.993015Z	   82 Query	SHOW SESSION VARIABLES LIKE 'version_compile_os'
2019-02-24T12:42:30.996032Z	   82 Query	SHOW SESSION VARIABLES LIKE 'offline_mode'
2019-02-24T12:42:31.002335Z	   82 Query	SHOW SESSION VARIABLES LIKE 'wait_timeout'
2019-02-24T12:42:31.003969Z	   82 Query	SHOW SESSION VARIABLES LIKE 'interactive_timeout'
2019-02-24T12:42:32.948947Z	   81 Query	SHOW FULL TABLES FROM `classicmodels`
2019-02-24T12:42:32.949902Z	   81 Query	SHOW PROCEDURE STATUS WHERE Db='classicmodels'
2019-02-24T12:42:32.952863Z	   81 Query	SHOW FUNCTION STATUS WHERE Db='classicmodels'
2019-02-24T12:42:32.953984Z	   82 Query	SHOW FULL COLUMNS FROM `classicmodels`.`employees`
2019-02-24T12:42:32.954535Z	   82 Query	SHOW FULL COLUMNS FROM `classicmodels`.`offices`
2019-02-24T12:42:36.078351Z	   82 Quit	
2019-02-24T12:42:36.078627Z	   81 Quit	
2019-02-24T12:43:34.766271Z	   69 Query	GRANT ALL PRIVILEGES ON classicmodels.products TO 'Inventory'
2019-02-24T12:43:35.983995Z	   69 Query	GRANT ALL PRIVILEGES ON classicmodels.productlines TO 'Inventory'
2019-02-24T12:43:38.679206Z	   69 Query	GRANT SELECT, UPDATE, DELETE ON classicmodels.orders TO 'Bookkeeping'
2019-02-24T12:43:39.350427Z	   69 Query	GRANT SELECT, UPDATE, DELETE ON classicmodels.orderdetails TO 'Bookkeeping'
2019-02-24T12:43:39.973975Z	   69 Query	GRANT SELECT ON classicmodels.customers TO 'Bookkeeping'
2019-02-24T12:43:40.518479Z	   69 Query	GRANT SELECT ON classicmodels.payments TO 'Bookkeeping'
2019-02-24T12:43:41.389578Z	   69 Query	GRANT ALL PRIVILEGES ON classicmodels.offices TO 'HR'
2019-02-24T12:43:41.975619Z	   69 Query	GRANT ALL PRIVILEgES ON classicmodels.employees TO 'HR'
2019-02-24T12:43:42.778794Z	   69 Query	GRANT SELECT, INSERT ON classicmodels.orders TO 'Sales'
2019-02-24T12:43:43.323173Z	   69 Query	GRANT SELECT, INSERT ON classicmodels.orderdetails TO 'Sales'
2019-02-24T12:43:44.865690Z	   69 Query	GRANT ALL PRIVILEGES ON classicmodels.* TO 'IT'
2019-02-24T12:43:45.589426Z	   69 Query	FLUSH PRIVILEGES
2019-02-24T12:43:52.415400Z	   69 Query	select User, Host from mysql.user
LIMIT 0, 1000
2019-02-24T12:43:52.417249Z	   68 Query	SELECT st.* FROM performance_schema.events_statements_current st JOIN performance_schema.threads thr ON thr.thread_id = st.thread_id WHERE thr.processlist_id = 69
2019-02-24T12:43:52.417761Z	   68 Query	SELECT st.* FROM performance_schema.events_stages_history_long st WHERE st.nesting_event_id = 134
2019-02-24T12:43:52.417993Z	   68 Query	SELECT st.* FROM performance_schema.events_waits_history_long st WHERE st.nesting_event_id = 134
2019-02-24T12:43:52.418560Z	   68 Query	SHOW INDEX FROM `mysql`.`user`
2019-02-24T12:43:59.116549Z	   83 Connect	HR@localhost on  using TCP/IP
2019-02-24T12:43:59.117083Z	   83 Query	set autocommit=1
2019-02-24T12:43:59.117539Z	   83 Query	SET SESSION TRANSACTION ISOLATION LEVEL REPEATABLE READ
2019-02-24T12:43:59.117652Z	   83 Query	SHOW SESSION VARIABLES LIKE 'lower_case_table_names'
2019-02-24T12:43:59.119527Z	   83 Query	SELECT current_user()
2019-02-24T12:43:59.119752Z	   83 Query	SET CHARACTER SET utf8
2019-02-24T12:43:59.119901Z	   83 Query	SET NAMES utf8
2019-02-24T12:43:59.122046Z	   83 Query	SHOW SESSION VARIABLES LIKE 'sql_mode'
2019-02-24T12:43:59.123948Z	   83 Query	SELECT CONNECTION_ID()
2019-02-24T12:43:59.132103Z	   83 Query	SHOW SESSION STATUS LIKE 'Ssl_cipher'
2019-02-24T12:43:59.133508Z	   83 Query	set autocommit=1
2019-02-24T12:43:59.134281Z	   84 Connect	HR@localhost on  using TCP/IP
2019-02-24T12:43:59.135007Z	   84 Query	set autocommit=1
2019-02-24T12:43:59.135287Z	   84 Query	SET SESSION TRANSACTION ISOLATION LEVEL REPEATABLE READ
2019-02-24T12:43:59.135385Z	   84 Query	SHOW SESSION VARIABLES LIKE 'lower_case_table_names'
2019-02-24T12:43:59.137113Z	   84 Query	SELECT current_user()
2019-02-24T12:43:59.137253Z	   84 Query	SET CHARACTER SET utf8
2019-02-24T12:43:59.137346Z	   84 Query	SET NAMES utf8
2019-02-24T12:43:59.137436Z	   84 Query	SET SQL_SAFE_UPDATES=1
2019-02-24T12:43:59.137527Z	   84 Query	SELECT CONNECTION_ID()
2019-02-24T12:43:59.137643Z	   84 Query	SHOW SESSION STATUS LIKE 'Ssl_cipher'
2019-02-24T12:43:59.138435Z	   84 Query	set autocommit=1
2019-02-24T12:43:59.138545Z	   84 Query	SHOW SESSION VARIABLES LIKE 'sql_mode'
2019-02-24T12:43:59.139714Z	   84 Query	SHOW SESSION VARIABLES LIKE 'version_comment'
2019-02-24T12:43:59.140857Z	   84 Query	SHOW SESSION VARIABLES LIKE 'version'
2019-02-24T12:43:59.142129Z	   84 Query	SELECT current_user()
2019-02-24T12:43:59.142267Z	   84 Query	SHOW SESSION VARIABLES LIKE 'lower_case_table_names'
2019-02-24T12:43:59.171050Z	   83 Query	SHOW DATABASES
2019-02-24T12:43:59.171392Z	   84 Query	show engines
2019-02-24T12:43:59.171590Z	   84 Query	show charset
2019-02-24T12:43:59.171801Z	   84 Query	show collation
2019-02-24T12:43:59.172458Z	   84 Query	show variables
2019-02-24T12:43:59.174434Z	   84 Query	SHOW SESSION VARIABLES LIKE 'version_compile_os'
2019-02-24T12:43:59.175672Z	   84 Query	SHOW SESSION VARIABLES LIKE 'offline_mode'
2019-02-24T12:43:59.180404Z	   84 Query	SHOW SESSION VARIABLES LIKE 'wait_timeout'
2019-02-24T12:43:59.181845Z	   84 Query	SHOW SESSION VARIABLES LIKE 'interactive_timeout'
2019-02-24T12:44:01.275565Z	   83 Query	SHOW FULL TABLES FROM `classicmodels`
2019-02-24T12:44:01.276515Z	   83 Query	SHOW PROCEDURE STATUS WHERE Db='classicmodels'
2019-02-24T12:44:01.279902Z	   83 Query	SHOW FUNCTION STATUS WHERE Db='classicmodels'
2019-02-24T12:44:01.282556Z	   84 Query	SHOW FULL COLUMNS FROM `classicmodels`.`employees`
2019-02-24T12:44:01.283293Z	   84 Query	SHOW FULL COLUMNS FROM `classicmodels`.`offices`
2019-02-24T12:44:13.209075Z	   83 Query	SHOW FULL COLUMNS FROM `classicmodels`.`employees`
2019-02-24T12:44:13.214017Z	   83 Query	SHOW INDEXES FROM `classicmodels`.`employees`
2019-02-24T12:44:13.355887Z	   84 Query	SELECT * FROM classicmodels.employees
LIMIT 0, 1000
2019-02-24T12:44:13.358822Z	   83 Query	SELECT st.* FROM performance_schema.events_statements_current st JOIN performance_schema.threads thr ON thr.thread_id = st.thread_id WHERE thr.processlist_id = 84
2019-02-24T12:44:13.359071Z	   83 Query	SELECT st.* FROM performance_schema.events_stages_history_long st WHERE st.nesting_event_id = 0
2019-02-24T12:44:13.359257Z	   83 Query	SELECT st.* FROM performance_schema.events_waits_history_long st WHERE st.nesting_event_id = 0
2019-02-24T12:44:13.359836Z	   83 Query	SHOW INDEX FROM `classicmodels`.`employees`
2019-02-24T12:45:21.142441Z	   84 Query	set autocommit=0
2019-02-24T12:45:23.978020Z	   84 Prepare	INSERT INTO `classicmodels`.`employees` (`employeeNumber`, `lastName`, `firstName`, `extension`, `email`, `officeCode`, `reportsTo`, `jobTitle`) VALUES ('1111', 'Vlad', 'Salesman', 'x6666', 'vlad@classicmodelcars.com', '3', '1143', 'Sales Rep')
2019-02-24T12:45:23.978751Z	   84 Execute	INSERT INTO `classicmodels`.`employees` (`employeeNumber`, `lastName`, `firstName`, `extension`, `email`, `officeCode`, `reportsTo`, `jobTitle`) VALUES ('1111', 'Vlad', 'Salesman', 'x6666', 'vlad@classicmodelcars.com', '3', '1143', 'Sales Rep')
2019-02-24T12:45:23.987447Z	   84 Query	commit
2019-02-24T12:45:23.989832Z	   84 Close stmt	
2019-02-24T12:45:23.990446Z	   84 Query	SELECT * FROM classicmodels.employees
LIMIT 0, 1000
2019-02-24T12:45:23.990789Z	   83 Query	SHOW INDEX FROM `classicmodels`.`employees`
2019-02-24T12:45:25.884823Z	   84 Query	set autocommit=1
2019-02-24T12:45:32.313114Z	   84 Query	SELECT * FROM classicmodels.employees
LIMIT 0, 1000
2019-02-24T12:45:32.313590Z	   83 Query	SHOW INDEX FROM `classicmodels`.`employees`
2019-02-24T12:47:12.099794Z	   84 Query	set autocommit=0
2019-02-24T12:47:13.330045Z	   84 Prepare	INSERT INTO `classicmodels`.`employees` (`employeeNumber`, `lastName`, `firstName`, `extension`, `email`, `officeCode`, `reportsTo`, `jobTitle`) VALUES ('1000', 'Vlad', 'Sales Manager', 'x200', 'vladd@classicmodelcars.com', '8', '1056', 'Sales Manager (EU)')
2019-02-24T12:47:13.330166Z	   84 Execute	INSERT INTO `classicmodels`.`employees` (`employeeNumber`, `lastName`, `firstName`, `extension`, `email`, `officeCode`, `reportsTo`, `jobTitle`) VALUES ('1000', 'Vlad', 'Sales Manager', 'x200', 'vladd@classicmodelcars.com', '8', '1056', 'Sales Manager (EU)')
2019-02-24T12:47:13.342050Z	   84 Query	rollback
2019-02-24T12:47:13.353038Z	   84 Close stmt	
2019-02-24T12:47:20.224695Z	   84 Query	set autocommit=1
2019-02-24T12:47:29.068804Z	   84 Query	set autocommit=0
2019-02-24T12:47:30.605113Z	   84 Prepare	INSERT INTO `classicmodels`.`employees` (`employeeNumber`, `lastName`, `firstName`, `extension`, `email`, `officeCode`, `reportsTo`, `jobTitle`) VALUES ('1000', 'Vlad', 'Sales Manager', 'x200', 'vladd@classicmodelcars.com', '6', '1056', 'Sales Manager (EU)')
2019-02-24T12:47:30.605264Z	   84 Execute	INSERT INTO `classicmodels`.`employees` (`employeeNumber`, `lastName`, `firstName`, `extension`, `email`, `officeCode`, `reportsTo`, `jobTitle`) VALUES ('1000', 'Vlad', 'Sales Manager', 'x200', 'vladd@classicmodelcars.com', '6', '1056', 'Sales Manager (EU)')
2019-02-24T12:47:30.606315Z	   84 Query	commit
2019-02-24T12:47:30.609633Z	   84 Close stmt	
2019-02-24T12:47:30.610149Z	   84 Query	SELECT * FROM classicmodels.employees
LIMIT 0, 1000
2019-02-24T12:47:30.610501Z	   83 Query	SHOW INDEX FROM `classicmodels`.`employees`
2019-02-24T12:47:31.962438Z	   84 Query	set autocommit=1
2019-02-24T12:47:36.000727Z	   84 Query	SELECT * FROM classicmodels.employees
LIMIT 0, 1000
2019-02-24T12:47:36.002554Z	   83 Query	SELECT st.* FROM performance_schema.events_statements_current st JOIN performance_schema.threads thr ON thr.thread_id = st.thread_id WHERE thr.processlist_id = 84
2019-02-24T12:47:36.002787Z	   83 Query	SELECT st.* FROM performance_schema.events_stages_history_long st WHERE st.nesting_event_id = 0
2019-02-24T12:47:36.002978Z	   83 Query	SELECT st.* FROM performance_schema.events_waits_history_long st WHERE st.nesting_event_id = 0
2019-02-24T12:47:36.003487Z	   83 Query	SHOW INDEX FROM `classicmodels`.`employees`
2019-02-24T12:47:49.847153Z	   84 Query	SELECT * FROM classicmodels.employees
LIMIT 0, 1000
2019-02-24T12:47:49.849057Z	   83 Query	SELECT st.* FROM performance_schema.events_statements_current st JOIN performance_schema.threads thr ON thr.thread_id = st.thread_id WHERE thr.processlist_id = 84
2019-02-24T12:47:49.849291Z	   83 Query	SELECT st.* FROM performance_schema.events_stages_history_long st WHERE st.nesting_event_id = 0
2019-02-24T12:47:49.849472Z	   83 Query	SELECT st.* FROM performance_schema.events_waits_history_long st WHERE st.nesting_event_id = 0
2019-02-24T12:47:49.849890Z	   83 Query	SHOW INDEX FROM `classicmodels`.`employees`
2019-02-24T12:48:23.435136Z	   85 Connect	Inventory@localhost on  using TCP/IP
2019-02-24T12:48:23.449921Z	   85 Query	set autocommit=1
2019-02-24T12:48:23.450454Z	   85 Query	SET SESSION TRANSACTION ISOLATION LEVEL REPEATABLE READ
2019-02-24T12:48:23.450821Z	   85 Query	SHOW SESSION VARIABLES LIKE 'lower_case_table_names'
2019-02-24T12:48:23.452794Z	   85 Query	SELECT current_user()
2019-02-24T12:48:23.452949Z	   85 Query	SELECT version()
2019-02-24T12:48:23.453077Z	   85 Query	SHOW SESSION STATUS LIKE 'Ssl_cipher'
2019-02-24T12:48:23.454146Z	   85 Quit	
2019-02-24T12:48:26.012981Z	   86 Connect	Inventory@localhost on  using TCP/IP
2019-02-24T12:48:26.013715Z	   86 Query	set autocommit=1
2019-02-24T12:48:26.014446Z	   86 Query	SET SESSION TRANSACTION ISOLATION LEVEL REPEATABLE READ
2019-02-24T12:48:26.014564Z	   86 Query	SHOW SESSION VARIABLES LIKE 'lower_case_table_names'
2019-02-24T12:48:26.016650Z	   86 Query	SELECT current_user()
2019-02-24T12:48:26.016813Z	   86 Query	SET CHARACTER SET utf8
2019-02-24T12:48:26.019769Z	   86 Query	SET NAMES utf8
2019-02-24T12:48:26.019925Z	   86 Query	SHOW SESSION VARIABLES LIKE 'sql_mode'
2019-02-24T12:48:26.021471Z	   86 Query	SELECT CONNECTION_ID()
2019-02-24T12:48:26.021665Z	   86 Query	SHOW SESSION STATUS LIKE 'Ssl_cipher'
2019-02-24T12:48:26.022832Z	   86 Query	set autocommit=1
2019-02-24T12:48:26.023699Z	   87 Connect	Inventory@localhost on  using TCP/IP
2019-02-24T12:48:26.024716Z	   87 Query	set autocommit=1
2019-02-24T12:48:26.025733Z	   87 Query	SET SESSION TRANSACTION ISOLATION LEVEL REPEATABLE READ
2019-02-24T12:48:26.026448Z	   87 Query	SHOW SESSION VARIABLES LIKE 'lower_case_table_names'
2019-02-24T12:48:26.028375Z	   87 Query	SELECT current_user()
2019-02-24T12:48:26.029001Z	   87 Query	SET CHARACTER SET utf8
2019-02-24T12:48:26.029199Z	   87 Query	SET NAMES utf8
2019-02-24T12:48:26.029280Z	   87 Query	SET SQL_SAFE_UPDATES=1
2019-02-24T12:48:26.029354Z	   87 Query	SELECT CONNECTION_ID()
2019-02-24T12:48:26.029464Z	   87 Query	SHOW SESSION STATUS LIKE 'Ssl_cipher'
2019-02-24T12:48:26.030696Z	   87 Query	set autocommit=1
2019-02-24T12:48:26.030817Z	   87 Query	SHOW SESSION VARIABLES LIKE 'sql_mode'
2019-02-24T12:48:26.032270Z	   87 Query	SHOW SESSION VARIABLES LIKE 'version_comment'
2019-02-24T12:48:26.035522Z	   87 Query	SHOW SESSION VARIABLES LIKE 'version'
2019-02-24T12:48:26.037572Z	   87 Query	SELECT current_user()
2019-02-24T12:48:26.037702Z	   87 Query	SHOW SESSION VARIABLES LIKE 'lower_case_table_names'
2019-02-24T12:48:26.075365Z	   86 Query	SHOW DATABASES
2019-02-24T12:48:26.086956Z	   87 Query	show engines
2019-02-24T12:48:26.087257Z	   87 Query	show charset
2019-02-24T12:48:26.087492Z	   87 Query	show collation
2019-02-24T12:48:26.088179Z	   87 Query	show variables
2019-02-24T12:48:26.090224Z	   87 Query	SHOW SESSION VARIABLES LIKE 'version_compile_os'
2019-02-24T12:48:26.091395Z	   87 Query	SHOW SESSION VARIABLES LIKE 'offline_mode'
2019-02-24T12:48:26.096535Z	   87 Query	SHOW SESSION VARIABLES LIKE 'wait_timeout'
2019-02-24T12:48:26.099403Z	   87 Query	SHOW SESSION VARIABLES LIKE 'interactive_timeout'
2019-02-24T12:48:26.259645Z	   88 Connect	Inventory@localhost on  using TCP/IP
2019-02-24T12:48:26.260634Z	   88 Query	set autocommit=1
2019-02-24T12:48:26.261215Z	   88 Query	SET SESSION TRANSACTION ISOLATION LEVEL REPEATABLE READ
2019-02-24T12:48:26.261332Z	   88 Query	SHOW SESSION VARIABLES LIKE 'lower_case_table_names'
2019-02-24T12:48:26.264569Z	   88 Query	SELECT current_user()
2019-02-24T12:48:26.264779Z	   88 Query	SET CHARACTER SET utf8
2019-02-24T12:48:26.264889Z	   88 Query	SET NAMES utf8
2019-02-24T12:48:26.265011Z	   88 Query	SHOW SESSION VARIABLES LIKE 'sql_mode'
2019-02-24T12:48:26.266663Z	   88 Query	SELECT CONNECTION_ID()
2019-02-24T12:48:26.266864Z	   88 Query	SHOW SESSION STATUS LIKE 'Ssl_cipher'
2019-02-24T12:48:26.271498Z	   88 Query	set autocommit=1
2019-02-24T12:48:26.275174Z	   89 Connect	Inventory@localhost on  using TCP/IP
2019-02-24T12:48:26.275948Z	   89 Query	set autocommit=1
2019-02-24T12:48:26.276589Z	   89 Query	SET SESSION TRANSACTION ISOLATION LEVEL REPEATABLE READ
2019-02-24T12:48:26.276905Z	   89 Query	SHOW SESSION VARIABLES LIKE 'lower_case_table_names'
2019-02-24T12:48:26.279505Z	   89 Query	SELECT current_user()
2019-02-24T12:48:26.283424Z	   89 Query	SET CHARACTER SET utf8
2019-02-24T12:48:26.283598Z	   89 Query	SET NAMES utf8
2019-02-24T12:48:26.283682Z	   89 Query	SET SQL_SAFE_UPDATES=1
2019-02-24T12:48:26.283758Z	   89 Query	SELECT CONNECTION_ID()
2019-02-24T12:48:26.283891Z	   89 Query	SHOW SESSION STATUS LIKE 'Ssl_cipher'
2019-02-24T12:48:26.287480Z	   89 Query	set autocommit=1
2019-02-24T12:48:26.287613Z	   89 Query	SHOW SESSION VARIABLES LIKE 'sql_mode'
2019-02-24T12:48:26.290553Z	   89 Query	SHOW SESSION VARIABLES LIKE 'version_comment'
2019-02-24T12:48:26.293547Z	   89 Query	SHOW SESSION VARIABLES LIKE 'version'
2019-02-24T12:48:26.299524Z	   89 Query	SELECT current_user()
2019-02-24T12:48:26.299759Z	   89 Query	SHOW SESSION VARIABLES LIKE 'lower_case_table_names'
2019-02-24T12:48:26.663468Z	   88 Query	SHOW DATABASES
2019-02-24T12:48:26.663753Z	   89 Query	show engines
2019-02-24T12:48:26.663970Z	   89 Query	show charset
2019-02-24T12:48:26.664204Z	   89 Query	show collation
2019-02-24T12:48:26.664879Z	   89 Query	show variables
2019-02-24T12:48:26.667097Z	   89 Query	SHOW SESSION VARIABLES LIKE 'version_compile_os'
2019-02-24T12:48:26.668661Z	   89 Query	SHOW SESSION VARIABLES LIKE 'offline_mode'
2019-02-24T12:48:26.674590Z	   89 Query	SHOW SESSION VARIABLES LIKE 'wait_timeout'
2019-02-24T12:48:26.676395Z	   89 Query	SHOW SESSION VARIABLES LIKE 'interactive_timeout'
2019-02-24T12:48:28.666296Z	   88 Query	SHOW FULL TABLES FROM `classicmodels`
2019-02-24T12:48:28.666870Z	   88 Query	SHOW PROCEDURE STATUS WHERE Db='classicmodels'
2019-02-24T12:48:28.668454Z	   88 Query	SHOW FUNCTION STATUS WHERE Db='classicmodels'
2019-02-24T12:48:28.669928Z	   89 Query	SHOW FULL COLUMNS FROM `classicmodels`.`productlines`
2019-02-24T12:48:28.671106Z	   89 Query	SHOW FULL COLUMNS FROM `classicmodels`.`products`
2019-02-24T12:48:30.513573Z	   88 Query	SHOW FULL COLUMNS FROM `classicmodels`.`products`
2019-02-24T12:48:30.518259Z	   88 Query	SHOW INDEXES FROM `classicmodels`.`products`
2019-02-24T12:48:32.902565Z	   89 Query	SELECT * FROM classicmodels.products
LIMIT 0, 1000
2019-02-24T12:48:32.904939Z	   88 Query	SELECT st.* FROM performance_schema.events_statements_current st JOIN performance_schema.threads thr ON thr.thread_id = st.thread_id WHERE thr.processlist_id = 89
2019-02-24T12:48:32.905180Z	   88 Query	SELECT st.* FROM performance_schema.events_stages_history_long st WHERE st.nesting_event_id = 0
2019-02-24T12:48:32.905378Z	   88 Query	SELECT st.* FROM performance_schema.events_waits_history_long st WHERE st.nesting_event_id = 0
2019-02-24T12:48:32.905914Z	   88 Query	SHOW INDEX FROM `classicmodels`.`products`
2019-02-24T12:50:18.064485Z	   89 Query	set autocommit=0
2019-02-24T12:50:19.260699Z	   89 Prepare	INSERT INTO `classicmodels`.`products` (`productCode`, `productName`, `productLine`, `productScale`, `productVendor`, `productDescription`, `quantityInStock`, `buyPrice`, `MSRP`) VALUES ('S72_4521', 'JET PLN', 'Planes', '1:72', 'Jet Planes Extraordinaire', 'Best plane ever', '1', '100.11', '120.21')
2019-02-24T12:50:19.261011Z	   89 Execute	INSERT INTO `classicmodels`.`products` (`productCode`, `productName`, `productLine`, `productScale`, `productVendor`, `productDescription`, `quantityInStock`, `buyPrice`, `MSRP`) VALUES ('S72_4521', 'JET PLN', 'Planes', '1:72', 'Jet Planes Extraordinaire', 'Best plane ever', '1', '100.11', '120.21')
2019-02-24T12:50:19.261714Z	   89 Query	commit
2019-02-24T12:50:19.264143Z	   89 Close stmt	
2019-02-24T12:50:19.264852Z	   89 Query	SELECT * FROM classicmodels.products
LIMIT 0, 1000
2019-02-24T12:50:19.265692Z	   88 Query	SHOW INDEX FROM `classicmodels`.`products`
2019-02-24T12:50:20.057165Z	   89 Query	set autocommit=1
2019-02-24T12:50:40.961417Z	   90 Connect	Sales@localhost on  using TCP/IP
2019-02-24T12:50:40.962605Z	   90 Query	set autocommit=1
2019-02-24T12:50:40.963080Z	   90 Query	SET SESSION TRANSACTION ISOLATION LEVEL REPEATABLE READ
2019-02-24T12:50:40.963214Z	   90 Query	SHOW SESSION VARIABLES LIKE 'lower_case_table_names'
2019-02-24T12:50:40.968345Z	   90 Query	SELECT current_user()
2019-02-24T12:50:40.968580Z	   90 Query	SET CHARACTER SET utf8
2019-02-24T12:50:40.968687Z	   90 Query	SET NAMES utf8
2019-02-24T12:50:40.968811Z	   90 Query	SHOW SESSION VARIABLES LIKE 'sql_mode'
2019-02-24T12:50:40.971706Z	   90 Query	SELECT CONNECTION_ID()
2019-02-24T12:50:40.972064Z	   90 Query	SHOW SESSION STATUS LIKE 'Ssl_cipher'
2019-02-24T12:50:40.977893Z	   90 Query	set autocommit=1
2019-02-24T12:50:40.981401Z	   91 Connect	Sales@localhost on  using TCP/IP
2019-02-24T12:50:40.982174Z	   91 Query	set autocommit=1
2019-02-24T12:50:40.982685Z	   91 Query	SET SESSION TRANSACTION ISOLATION LEVEL REPEATABLE READ
2019-02-24T12:50:40.982987Z	   91 Query	SHOW SESSION VARIABLES LIKE 'lower_case_table_names'
2019-02-24T12:50:40.986182Z	   91 Query	SELECT current_user()
2019-02-24T12:50:40.989589Z	   91 Query	SET CHARACTER SET utf8
2019-02-24T12:50:40.989998Z	   91 Query	SET NAMES utf8
2019-02-24T12:50:40.990089Z	   91 Query	SET SQL_SAFE_UPDATES=1
2019-02-24T12:50:40.990163Z	   91 Query	SELECT CONNECTION_ID()
2019-02-24T12:50:40.990305Z	   91 Query	SHOW SESSION STATUS LIKE 'Ssl_cipher'
2019-02-24T12:50:40.991890Z	   91 Query	set autocommit=1
2019-02-24T12:50:40.992367Z	   91 Query	SHOW SESSION VARIABLES LIKE 'sql_mode'
2019-02-24T12:50:40.994753Z	   91 Query	SHOW SESSION VARIABLES LIKE 'version_comment'
2019-02-24T12:50:40.996747Z	   91 Query	SHOW SESSION VARIABLES LIKE 'version'
2019-02-24T12:50:41.011739Z	   91 Query	SELECT current_user()
2019-02-24T12:50:41.011937Z	   91 Query	SHOW SESSION VARIABLES LIKE 'lower_case_table_names'
2019-02-24T12:50:41.064472Z	   90 Query	SHOW DATABASES
2019-02-24T12:50:41.075997Z	   91 Query	show engines
2019-02-24T12:50:41.076324Z	   91 Query	show charset
2019-02-24T12:50:41.076640Z	   91 Query	show collation
2019-02-24T12:50:41.077680Z	   91 Query	show variables
2019-02-24T12:50:41.080451Z	   91 Query	SHOW SESSION VARIABLES LIKE 'version_compile_os'
2019-02-24T12:50:41.081925Z	   91 Query	SHOW SESSION VARIABLES LIKE 'offline_mode'
2019-02-24T12:50:41.087338Z	   91 Query	SHOW SESSION VARIABLES LIKE 'wait_timeout'
2019-02-24T12:50:41.089008Z	   91 Query	SHOW SESSION VARIABLES LIKE 'interactive_timeout'
2019-02-24T12:50:42.942045Z	   90 Query	SHOW FULL TABLES FROM `classicmodels`
2019-02-24T12:50:42.942513Z	   90 Query	SHOW PROCEDURE STATUS WHERE Db='classicmodels'
2019-02-24T12:50:42.943826Z	   90 Query	SHOW FUNCTION STATUS WHERE Db='classicmodels'
2019-02-24T12:50:42.944911Z	   91 Query	SHOW FULL COLUMNS FROM `classicmodels`.`orderdetails`
2019-02-24T12:50:42.946329Z	   91 Query	SHOW FULL COLUMNS FROM `classicmodels`.`orders`
2019-02-24T12:50:44.365773Z	   90 Query	SHOW FULL COLUMNS FROM `classicmodels`.`orders`
2019-02-24T12:50:44.369707Z	   90 Query	SHOW INDEXES FROM `classicmodels`.`orders`
2019-02-24T12:50:45.336925Z	   91 Query	SELECT * FROM classicmodels.orders
LIMIT 0, 1000
2019-02-24T12:50:45.339757Z	   90 Query	SELECT st.* FROM performance_schema.events_statements_current st JOIN performance_schema.threads thr ON thr.thread_id = st.thread_id WHERE thr.processlist_id = 91
2019-02-24T12:50:45.340013Z	   90 Query	SELECT st.* FROM performance_schema.events_stages_history_long st WHERE st.nesting_event_id = 0
2019-02-24T12:50:45.340213Z	   90 Query	SELECT st.* FROM performance_schema.events_waits_history_long st WHERE st.nesting_event_id = 0
2019-02-24T12:50:45.340734Z	   90 Query	SHOW INDEX FROM `classicmodels`.`orders`
2019-02-24T12:52:07.611010Z	   91 Query	set autocommit=0
2019-02-24T12:52:08.740996Z	   91 Prepare	INSERT INTO `classicmodels`.`orders` (`orderNumber`, `orderDate`, `requiredDate`, `status`, `comments`, `customerNumber`) VALUES ('10426', '2005-06-01', '2005-06-08', 'In Progress', 'Customer wants product manufactured out of be solid gold', '1')
2019-02-24T12:52:08.741110Z	   91 Execute	INSERT INTO `classicmodels`.`orders` (`orderNumber`, `orderDate`, `requiredDate`, `status`, `comments`, `customerNumber`) VALUES ('10426', '2005-06-01', '2005-06-08', 'In Progress', 'Customer wants product manufactured out of be solid gold', '1')
2019-02-24T12:52:08.741907Z	   91 Query	rollback
2019-02-24T12:52:08.744666Z	   91 Close stmt	
2019-02-24T12:52:10.932978Z	   91 Query	set autocommit=1
2019-02-24T12:52:14.783898Z	   91 Query	set autocommit=0
2019-02-24T12:52:16.233796Z	   91 Prepare	INSERT INTO `classicmodels`.`orders` (`orderNumber`, `orderDate`, `requiredDate`, `status`, `comments`, `customerNumber`) VALUES ('10426', '2005-06-01', '2005-06-08', 'In Progress', 'Customer wants product manufactured out of be solid gold', '119')
2019-02-24T12:52:16.233903Z	   91 Execute	INSERT INTO `classicmodels`.`orders` (`orderNumber`, `orderDate`, `requiredDate`, `status`, `comments`, `customerNumber`) VALUES ('10426', '2005-06-01', '2005-06-08', 'In Progress', 'Customer wants product manufactured out of be solid gold', '119')
2019-02-24T12:52:16.234278Z	   91 Query	commit
2019-02-24T12:52:16.236828Z	   91 Close stmt	
2019-02-24T12:52:16.237318Z	   91 Query	SELECT * FROM classicmodels.orders
LIMIT 0, 1000
2019-02-24T12:52:16.238217Z	   90 Query	SHOW INDEX FROM `classicmodels`.`orders`
2019-02-24T12:52:16.998965Z	   91 Query	set autocommit=1
2019-02-24T12:52:35.988462Z	   89 Query	set autocommit=0
2019-02-24T12:52:37.572444Z	   89 Query	set autocommit=1
2019-02-24T12:53:30.366898Z	   89 Query	set autocommit=0
2019-02-24T12:53:35.388124Z	   89 Query	set autocommit=1
2019-02-24T12:53:42.157678Z	   91 Query	INSERT INTO `classicmodels`.`products` (`productCode`, `productName`, `productLine`, `productScale`, `productVendor`, `productDescription`, `quantityInStock`, `buyPrice`, `MSRP`) VALUES ('S72_6774', 'JET BOAT', 'Ships', '1:72', 'Le Boats', 'Best Boat ever', '1', '200.20', '250.52')
